Arguments: 
  /home/linuxbrew/.linuxbrew/Cellar/node@18/18.14.2/bin/node /home/aman/.cache/node/corepack/yarn/1.22.19/bin/yarn.js add --dev hardhat

PATH: 
  /home/aman/.vscode-server/bin/ee2b180d582a7f601fa6ecfdad8d9fd269ab1884/bin/remote-cli:/home/linuxbrew/.linuxbrew/bin:/home/linuxbrew/.linuxbrew/sbin:/home/aman/bin:/usr/local/sbin:/usr/local/bin:/usr/sbin:/usr/bin:/sbin:/bin:/usr/games:/usr/local/games:/usr/lib/wsl/lib:/mnt/c/Program Files/WindowsApps/CanonicalGroupLimited.Ubuntu_2204.1.8.0_x64__79rhkp1fndgsc:/mnt/c/Program Files/Common Files/Oracle/Java/javapath:/mnt/c/Program Files (x86)/Common Files/Oracle/Java/javapath:/mnt/c/WINDOWS/system32:/mnt/c/WINDOWS:/mnt/c/WINDOWS/System32/Wbem:/mnt/c/WINDOWS/System32/WindowsPowerShell/v1.0/:/mnt/c/WINDOWS/System32/OpenSSH/:/mnt/c/msys64/mingw64/bin:/mnt/c/MinGW/bin:/mnt/c/Program Files/Java/jdk-17.0.1/bin:/mnt/e/Git/cmd:/mnt/c/Users/AMAN/AppData/Local/atom/app-1.60.0:/mnt/c/Users/AMAN/AppData/Local/atom/app-1.60.0/resources/cli:/mnt/c/Program Files/MySQL/MySQL Server 8.0/bin:/mnt/c/Program Files/nodejs/:/mnt/c/Program Files/MySQL/MySQL Shell 8.0/bin/:/mnt/c/Users/AMAN/AppData/Local/Microsoft/WindowsApps:/mnt/c/Program Files/CodeBlocks/MinGW/bin:/mnt/c/Users/AMAN/AppData/Local/Programs/Microsoft VS Code/bin:/mnt/c/Program Files/JetBrains/IntelliJ IDEA 2021.1/bin:/mnt/c/Program Files/JetBrains/IntelliJ IDEA Community Edition 2021.3.1/bin:/mnt/e/College/Flutter/src/flutter/bin:/mnt/e/College/Git/bin:/mnt/e/College/Git/cmd:/mnt/e/HyperTerminl/resources/bin:/mnt/c/Users/AMAN/AppData/Local/Programs/Hyper/resources/bin:/mnt/e/Heroku/bin:/mnt/c/Program Files/MongoDB/Server/6.0/bin:/mnt/c/mongosh-1.5.4/bin:/mnt/c/Users/AMAN/AppData/Local/GitHubDesktop/bin:/mnt/c/Users/AMAN/AppData/Roaming/npm:/snap/bin

Yarn version: 
  1.22.19

Node version: 
  18.14.2

Platform: 
  linux x64

Trace: 
  Error: getaddrinfo EAI_AGAIN registry.yarnpkg.com
      at GetAddrInfoReqWrap.onlookup [as oncomplete] (node:dns:107:26)

npm manifest: 
  {
    "name": "hardhat-simple-storage",
    "version": "1.0.0",
    "main": "index.js",
    "license": "MIT"
  }

yarn manifest: 
  No manifest

Lockfile: 
  No lockfile
